ERROR - 2026-04-20 12:50:40 --> Error connecting to the database: mysqli_sql_exception: No such file or directory in /home/itu/BOSS/S4/SI/Bibliotheque/system/Database/MySQLi/Connection.php:201
Stack trace:
#0 /home/itu/BOSS/S4/SI/Bibliotheque/system/Database/MySQLi/Connection.php(201): mysqli->real_connect()
#1 /home/itu/BOSS/S4/SI/Bibliotheque/system/Database/BaseConnection.php(555): CodeIgniter\Database\MySQLi\Connection->connect()
#2 /home/itu/BOSS/S4/SI/Bibliotheque/system/Database/BaseConnection.php(795): CodeIgniter\Database\BaseConnection->initialize()
#3 /home/itu/BOSS/S4/SI/Bibliotheque/system/Database/BaseBuilder.php(1733): CodeIgniter\Database\BaseConnection->query()
#4 /home/itu/BOSS/S4/SI/Bibliotheque/app/Models/BibliothequeModel.php(45): CodeIgniter\Database\BaseBuilder->countAllResults()
#5 /home/itu/BOSS/S4/SI/Bibliotheque/app/Controllers/Bibliotheque.php(23): App\Models\BibliothequeModel->getLivresPaginesFiltres()
#6 /home/itu/BOSS/S4/SI/Bibliotheque/system/CodeIgniter.php(951): App\Controllers\Bibliotheque->index()
#7 /home/itu/BOSS/S4/SI/Bibliotheque/system/CodeIgniter.php(497): CodeIgniter\CodeIgniter->runController()
#8 /home/itu/BOSS/S4/SI/Bibliotheque/system/CodeIgniter.php(340): CodeIgniter\CodeIgniter->handleRequest()
#9 /home/itu/BOSS/S4/SI/Bibliotheque/system/Boot.php(417): CodeIgniter\CodeIgniter->run()
#10 /home/itu/BOSS/S4/SI/Bibliotheque/system/Boot.php(68): CodeIgniter\Boot::runCodeIgniter()
#11 /home/itu/BOSS/S4/SI/Bibliotheque/public/index.php(59): CodeIgniter\Boot::bootWeb()
#12 {main}

Next CodeIgniter\Database\Exceptions\DatabaseException: No such file or directory in /home/itu/BOSS/S4/SI/Bibliotheque/system/Database/MySQLi/Connection.php:231
Stack trace:
#0 /home/itu/BOSS/S4/SI/Bibliotheque/system/Database/BaseConnection.php(555): CodeIgniter\Database\MySQLi\Connection->connect()
#1 /home/itu/BOSS/S4/SI/Bibliotheque/system/Database/BaseConnection.php(795): CodeIgniter\Database\BaseConnection->initialize()
#2 /home/itu/BOSS/S4/SI/Bibliotheque/system/Database/BaseBuilder.php(1733): CodeIgniter\Database\BaseConnection->query()
#3 /home/itu/BOSS/S4/SI/Bibliotheque/app/Models/BibliothequeModel.php(45): CodeIgniter\Database\BaseBuilder->countAllResults()
#4 /home/itu/BOSS/S4/SI/Bibliotheque/app/Controllers/Bibliotheque.php(23): App\Models\BibliothequeModel->getLivresPaginesFiltres()
#5 /home/itu/BOSS/S4/SI/Bibliotheque/system/CodeIgniter.php(951): App\Controllers\Bibliotheque->index()
#6 /home/itu/BOSS/S4/SI/Bibliotheque/system/CodeIgniter.php(497): CodeIgniter\CodeIgniter->runController()
#7 /home/itu/BOSS/S4/SI/Bibliotheque/system/CodeIgniter.php(340): CodeIgniter\CodeIgniter->handleRequest()
#8 /home/itu/BOSS/S4/SI/Bibliotheque/system/Boot.php(417): CodeIgniter\CodeIgniter->run()
#9 /home/itu/BOSS/S4/SI/Bibliotheque/system/Boot.php(68): CodeIgniter\Boot::runCodeIgniter()
#10 /home/itu/BOSS/S4/SI/Bibliotheque/public/index.php(59): CodeIgniter\Boot::bootWeb()
#11 {main}
CRITICAL - 2026-04-20 12:50:40 --> CodeIgniter\Database\Exceptions\DatabaseException: Unable to connect to the database.
Main connection [MySQLi]: No such file or directory
[Method: GET, Route: /]
in SYSTEMPATH/Database/BaseConnection.php on line 606.
 1 SYSTEMPATH/Database/BaseConnection.php(795): CodeIgniter\Database\BaseConnection->initialize()
 2 SYSTEMPATH/Database/BaseBuilder.php(1733): CodeIgniter\Database\BaseConnection->query()
 3 APPPATH/Models/BibliothequeModel.php(45): CodeIgniter\Database\BaseBuilder->countAllResults()
 4 APPPATH/Controllers/Bibliotheque.php(23): App\Models\BibliothequeModel->getLivresPaginesFiltres()
 5 SYSTEMPATH/CodeIgniter.php(951): App\Controllers\Bibliotheque->index()
 6 SYSTEMPATH/CodeIgniter.php(497): CodeIgniter\CodeIgniter->runController()
 7 SYSTEMPATH/CodeIgniter.php(340): CodeIgniter\CodeIgniter->handleRequest()
 8 SYSTEMPATH/Boot.php(417): CodeIgniter\CodeIgniter->run()
 9 SYSTEMPATH/Boot.php(68): CodeIgniter\Boot::runCodeIgniter()
10 FCPATH/index.php(59): CodeIgniter\Boot::bootWeb()
